0 info it worked if it ends with ok
1 verbose cli [ '/usr/local/bin/node', '/usr/local/bin/npm', 'publish' ]
2 info using npm@2.14.2
3 info using node@v4.0.0
4 verbose publish [ '.' ]
5 silly cache add args [ '.', null ]
6 verbose cache add spec .
7 silly cache add parsed spec Result {
7 silly cache add   raw: '.',
7 silly cache add   scope: null,
7 silly cache add   name: null,
7 silly cache add   rawSpec: '.',
7 silly cache add   spec: '/Users/guilhermesouza/js/dss',
7 silly cache add   type: 'directory' }
8 verbose addLocalDirectory /Users/guilhermesouza/.npm/dss/0.0.7/package.tgz not in flight; packing
9 verbose tar pack [ '/Users/guilhermesouza/.npm/dss/0.0.7/package.tgz',
9 verbose tar pack   '/Users/guilhermesouza/js/dss' ]
10 verbose tarball /Users/guilhermesouza/.npm/dss/0.0.7/package.tgz
11 verbose folder /Users/guilhermesouza/js/dss
12 info prepublish dss@0.0.7
13 verbose addLocalTarball adding from inside cache /Users/guilhermesouza/.npm/dss/0.0.7/package.tgz
14 silly cache afterAdd dss@0.0.7
15 verbose afterAdd /Users/guilhermesouza/.npm/dss/0.0.7/package/package.json not in flight; writing
16 verbose afterAdd /Users/guilhermesouza/.npm/dss/0.0.7/package/package.json written
17 silly publish { name: 'dss',
17 silly publish   version: '0.0.7',
17 silly publish   description: 'Dynamic Style Sheets',
17 silly publish   author: { name: 'Guilherme', url: 'Coder' },
17 silly publish   homepage: 'https://github.com/guisouza/dss',
17 silly publish   license: 'MIT',
17 silly publish   repository: { type: 'git', url: 'git+https://github.com/guisouza/dss.git' },
17 silly publish   main: 'dist/dss.min.js',
17 silly publish   scripts: { test: 'grunt' },
17 silly publish   devDependencies:
17 silly publish    { grunt: '^0.4.5',
17 silly publish      'grunt-contrib-concat': '^0.4.0',
17 silly publish      'grunt-contrib-jasmine': '^0.9.1',
17 silly publish      'grunt-contrib-jshint': '0.11.0',
17 silly publish      'grunt-contrib-uglify': '^0.4.0',
17 silly publish      'grunt-contrib-watch': '^0.6.1' },
17 silly publish   dependencies: {},
17 silly publish   readme: '# DSS (NOT SAFE FOR PRODUCTION)\nDynamic Style Sheets\nfor dynamic projects\n\n\n[![Join the chat at https://gitter.im/guisouza/dss](https://badges.gitter.im/Join%20Chat.svg)](https://gitter.im/guisouza/dss?utm_source=badge&utm_medium=badge&utm_campaign=pr-badge&utm_content=badge)\n\n\n\n\n\n![Alt text](http://i.imgur.com/tPRotMv.png "DSS")\n\n![Alt text](https://media.giphy.com/media/3oEduWDd4lpTE5yPMk/giphy.gif "DSS")\n\n***[LIVE DEMO](http://codepen.io/anon/pen/jbrorZ?editors=100 "LIVE DEMO")***\n\n\n***[LIVE DEMO (Parallax)](http://codepen.io/anon/pen/avBaKV?editors=100 "LIVE DEMO (Parallax)")***\n\n\n\n\n# Dynamic Style Sheets\n\nDynamic Style Sheets gives you the ability to dynamically set values to your css properties on the go.\nNo more inline binding.\n\nAn DSS example\n\nFirst things first ...  \n\n```bash\n\tbower install dss;\n```\n\n\n```html\n<!--load the dss-->\n<script src="dss.js"></script>\n```\nthen ... \n```html\n<!--\nlink your css\nNOTE : use the **dynamic-stylesheet** rel attribute so I can put poison in your css.\n-->\n<link rel="dynamic-stylesheet" href="style.css">\n```\n**or**\n```html\n<!--\nNOTE : use the **dynamic-stylesheet** type attribute so I can put poison in your css.\n-->\n<style type="dynamic-stylesheet">\n\n...\n</style>\n```\n```css\n.box{\n\twidth: 50px;\n\theight: 50px;\n\tbackground: ||companyColor:red||;\n\tposition: absolute;\n\ttop: ||mouseY-25||px;\n\tleft: ||mouseX-25||px;\n}\n```\nThe **mouseY** and **mouseX** identifiers will automatically receive the mouse position on the screen, every time it changes. \n\nThe **companyColor** identifier must be set over javascript, but until you do, it will receive the default value **red**.\n\n```js\ndss.setProperty(\'companyColor\',\'#1616FF\')\n```\n\n\n# DSS Helpers\n\n**dss.limitDown**\n```css\n/*margin-top will aways be 200 or more*/\n header{\n  margin-top : ||dss.limitDown(200)(scrollY)||px;\n }\n```\n\n**dss.limitUp**\n```css\n/*margin-top will aways be 200 or less*/\n header{\n  margin-top : ||dss.limitUp(200)(scrollY)||px;\n }\n```\n\n**dss.bounds**\n```css\n/*margin-top will aways be something between 100 and 200*/\n header{\n  margin-top : ||dss.bounds(100,200)(scrollY)||px;\n }\n```\n\n**dss.pon**\n```css\n/*return a positive number or 0, margin-top will never be less than 0*/\n header{\n  opacity : ||pon(-200+scrollX)||;\n }\n```\n\n\n\n# Javascript API\n\n**dss.setProperty**\n```js\t\ndss.setProperty(\'companyColor\',\'#1616FF\')\n```\n\n**dss.setDynamicProperty**\n```js\n//will generate mouseX and mouseY property everytime document fires mousemove\ndss.setDynamicProperty(\'mouse\',function(){\n\treturn{\n\t\tcontext : document,\n\n\t\tevent : \'mousemove\',\n\n\t\tgetter : function(e){\n\t\t\treturn {\n\t\t\t\tx : e.pageX,\n\t\t\t\ty : e.pageY,\n\t\t\t};\n\t\t}\n\t};\n});\n```\n\n# Default Auto-Binded Properties\n\n##### **mouseX**\nAutomatically receives the x position of the cursor.\n\n##### **mouseY**\nAutomatically receives the y position of the cursor.\n\n##### **scrollX**\nAutomatically receives the x position of the window scroll.\n\n##### **scrollY**\nAutomatically receives the y position of the window scroll.\n\n##### **windowWidth**\nAutomatically receives the window width.\n\n##### **windowHeight**\nAutomatically receives the window height.\n\n# Version \n0.0.7 **Alpha**\n\n# Building\n```bash\nnpm install && grunt\n```\n\n',
17 silly publish   readmeFilename: 'README.md',
17 silly publish   gitHead: 'ac1286a3a4ab9420487090ee05a1c4efd8273e0f',
17 silly publish   bugs: { url: 'https://github.com/guisouza/dss/issues' },
17 silly publish   _id: 'dss@0.0.7',
17 silly publish   _shasum: '5493026dcc91b13ecac387e53879d86e862edaaa',
17 silly publish   _from: '.' }
18 verbose getPublishConfig undefined
19 silly mapToRegistry name dss
20 silly mapToRegistry using default registry
21 silly mapToRegistry registry https://registry.npmjs.org/
22 silly mapToRegistry uri https://registry.npmjs.org/dss
23 verbose publish registryBase https://registry.npmjs.org/
24 silly publish uploading /Users/guilhermesouza/.npm/dss/0.0.7/package.tgz
25 verbose request uri https://registry.npmjs.org/dss
26 verbose request sending authorization for write operation
27 info attempt registry request try #1 at 3:54:56 AM
28 verbose request using bearer token for auth
29 verbose request id 54ccb257c7a91087
30 http request PUT https://registry.npmjs.org/dss
31 http 403 https://registry.npmjs.org/dss
32 verbose headers { 'content-type': 'application/json',
32 verbose headers   'cache-control': 'max-age=60',
32 verbose headers   'content-length': '95',
32 verbose headers   'accept-ranges': 'bytes',
32 verbose headers   date: 'Thu, 01 Oct 2015 06:54:58 GMT',
32 verbose headers   via: '1.1 varnish',
32 verbose headers   connection: 'keep-alive',
32 verbose headers   'x-served-by': 'cache-atl6226-ATL',
32 verbose headers   'x-cache': 'MISS',
32 verbose headers   'x-cache-hits': '0',
32 verbose headers   'x-timer': 'S1443682498.464265,VS0,VE411' }
33 verbose request invalidating /Users/guilhermesouza/.npm/registry.npmjs.org/dss on PUT
34 error publish Failed PUT 403
35 verbose stack Error: You do not have permission to publish 'dss'. Are you logged in as the correct user? : dss
35 verbose stack     at makeError (/usr/local/lib/node_modules/npm/node_modules/npm-registry-client/lib/request.js:263:12)
35 verbose stack     at CachingRegistryClient.<anonymous> (/usr/local/lib/node_modules/npm/node_modules/npm-registry-client/lib/request.js:251:14)
35 verbose stack     at Request._callback (/usr/local/lib/node_modules/npm/node_modules/npm-registry-client/lib/request.js:171:14)
35 verbose stack     at Request.self.callback (/usr/local/lib/node_modules/npm/node_modules/request/request.js:198:22)
35 verbose stack     at emitTwo (events.js:87:13)
35 verbose stack     at Request.emit (events.js:172:7)
35 verbose stack     at Request.<anonymous> (/usr/local/lib/node_modules/npm/node_modules/request/request.js:1073:14)
35 verbose stack     at emitOne (events.js:82:20)
35 verbose stack     at Request.emit (events.js:169:7)
35 verbose stack     at IncomingMessage.<anonymous> (/usr/local/lib/node_modules/npm/node_modules/request/request.js:1019:12)
36 verbose statusCode 403
37 verbose pkgid dss
38 verbose cwd /Users/guilhermesouza/js/dss
39 error Darwin 14.5.0
40 error argv "/usr/local/bin/node" "/usr/local/bin/npm" "publish"
41 error node v4.0.0
42 error npm  v2.14.2
43 error code E403
44 error You do not have permission to publish 'dss'. Are you logged in as the correct user? : dss
45 error If you need help, you may report this error at:
45 error     <https://github.com/npm/npm/issues>
46 verbose exit [ 1, true ]
